2013-12-30 12:36:50 - PHP Notice:  Undefined variable: scripts in D:\_Install\openserver\domains\maber\catalog\view\theme\default\template\common\footer.tpl on line 43
2013-12-30 12:36:50 - PHP Warning:  Invalid argument supplied for foreach() in D:\_Install\openserver\domains\maber\catalog\view\theme\default\template\common\footer.tpl on line 43
2013-12-30 12:37:41 - PHP Notice:  Undefined variable: scripts in D:\_Install\openserver\domains\maber\catalog\view\theme\default\template\common\footer.tpl on line 44
2013-12-30 12:37:41 - PHP Warning:  Invalid argument supplied for foreach() in D:\_Install\openserver\domains\maber\catalog\view\theme\default\template\common\footer.tpl on line 44
2013-12-30 12:38:11 - PHP Notice:  Undefined variable: scripts in D:\_Install\openserver\domains\maber\catalog\view\theme\default\template\common\footer.tpl on line 43
2013-12-30 12:38:11 - PHP Warning:  Invalid argument supplied for foreach() in D:\_Install\openserver\domains\maber\catalog\view\theme\default\template\common\footer.tpl on line 43
2013-12-30 12:38:12 - PHP Notice:  Undefined variable: scripts in D:\_Install\openserver\domains\maber\catalog\view\theme\default\template\common\footer.tpl on line 43
2013-12-30 12:38:12 - PHP Warning:  Invalid argument supplied for foreach() in D:\_Install\openserver\domains\maber\catalog\view\theme\default\template\common\footer.tpl on line 43
2013-12-30 12:38:27 - PHP Notice:  Undefined variable: scripts in D:\_Install\openserver\domains\maber\catalog\view\theme\default\template\common\footer.tpl on line 43
2013-12-30 12:38:27 - PHP Warning:  Invalid argument supplied for foreach() in D:\_Install\openserver\domains\maber\catalog\view\theme\default\template\common\footer.tpl on line 43
2013-12-30 12:40:53 - PHP Notice:  Undefined variable: scripts in D:\_Install\openserver\domains\maber\catalog\view\theme\default\template\common\footer.tpl on line 43
2013-12-30 12:40:53 - PHP Warning:  Invalid argument supplied for foreach() in D:\_Install\openserver\domains\maber\catalog\view\theme\default\template\common\footer.tpl on line 43
2013-12-30 12:41:29 - PHP Notice:  Undefined variable: scripts in D:\_Install\openserver\domains\maber\catalog\view\theme\default\template\common\footer.tpl on line 43
2013-12-30 12:41:29 - PHP Warning:  Invalid argument supplied for foreach() in D:\_Install\openserver\domains\maber\catalog\view\theme\default\template\common\footer.tpl on line 43
2013-12-30 12:41:42 - PHP Notice:  Undefined variable: scripts in D:\_Install\openserver\domains\maber\catalog\view\theme\default\template\common\footer.tpl on line 43
2013-12-30 12:41:42 - PHP Warning:  Invalid argument supplied for foreach() in D:\_Install\openserver\domains\maber\catalog\view\theme\default\template\common\footer.tpl on line 43
2013-12-30 12:42:55 - PHP Notice:  Undefined variable: scripts in D:\_Install\openserver\domains\maber\catalog\view\theme\default\template\common\footer.tpl on line 43
2013-12-30 12:42:55 - PHP Warning:  Invalid argument supplied for foreach() in D:\_Install\openserver\domains\maber\catalog\view\theme\default\template\common\footer.tpl on line 43
2013-12-30 12:43:01 - PHP Notice:  Undefined variable: scripts in D:\_Install\openserver\domains\maber\catalog\view\theme\default\template\common\footer.tpl on line 43
2013-12-30 12:43:01 - PHP Warning:  Invalid argument supplied for foreach() in D:\_Install\openserver\domains\maber\catalog\view\theme\default\template\common\footer.tpl on line 43
2014-01-07 11:24:41 - PHP Notice:  Undefined index:  desc2 in D:\_Install\openserver\domains\maber\admin\view\template\catalog\product_form.tpl on line 59
2014-01-07 11:24:41 - PHP Notice:  Undefined index:  desc2 in D:\_Install\openserver\domains\maber\admin\view\template\catalog\product_form.tpl on line 59
2014-01-07 11:27:04 - PHP Notice:  Undefined index:  desc2 in D:\_Install\openserver\domains\maber\admin\view\template\catalog\product_form.tpl on line 60
2014-01-07 11:27:04 - PHP Notice:  Undefined index:  desc2 in D:\_Install\openserver\domains\maber\admin\view\template\catalog\product_form.tpl on line 60
2014-01-07 11:34:22 - PHP Notice:  Undefined index:  desc2 in D:\_Install\openserver\domains\maber\catalog\controller\product\product.php on line 408
2014-01-07 11:39:21 - PHP Notice:  Undefined index:  desc2 in D:\_Install\openserver\domains\maber\catalog\controller\product\product.php on line 408
2014-01-07 12:07:19 - PHP Notice:  Undefined variable: entry_desc2 in D:\_Install\openserver\domains\maber\admin\view\template\catalog\product_form.tpl on line 58
2014-01-07 12:07:19 - PHP Notice:  Undefined index:  desc2 in D:\_Install\openserver\domains\maber\admin\view\template\catalog\product_form.tpl on line 59
2014-01-07 12:07:19 - PHP Notice:  Undefined variable: entry_desc2 in D:\_Install\openserver\domains\maber\admin\view\template\catalog\product_form.tpl on line 58
2014-01-07 12:07:19 - PHP Notice:  Undefined index:  desc2 in D:\_Install\openserver\domains\maber\admin\view\template\catalog\product_form.tpl on line 59
2014-01-07 12:07:22 - PHP Notice:  Undefined variable: desc2 in D:\_Install\openserver\domains\maber\catalog\view\theme\default\template\product\product.tpl on line 109
2014-01-07 12:41:59 - PHP Notice:  Undefined variable: desc2 in D:\_Install\openserver\domains\maber\catalog\view\theme\default\template\product\product.tpl on line 109
2014-01-07 12:42:30 - PHP Notice:  Undefined variable: desc2 in D:\_Install\openserver\domains\maber\catalog\view\theme\default\template\product\product.tpl on line 109
2014-01-10 12:50:26 - PHP Notice:  Undefined variable: i in D:\_Install\openserver\domains\maber\catalog\view\theme\default\template\product\product.tpl on line 9
2014-01-10 12:50:26 - PHP Notice:  Undefined variable: i in D:\_Install\openserver\domains\maber\catalog\view\theme\default\template\product\product.tpl on line 9
2014-01-10 12:50:27 - PHP Warning:  session_start() [<a href='function.session-start'>function.session-start</a>]: open(D:/_Install/openserver/userdata/temp/\sess_mehro8d4uis6bu2hie3obs5bj6, O_RDWR) failed: Permission denied (13) in D:\_Install\openserver\domains\maber\system\library\session.php on line 11
2014-01-10 12:50:27 - PHP Warning:  session_start() [<a href='function.session-start'>function.session-start</a>]: Cannot send session cache limiter - headers already sent (output started at D:\_Install\openserver\domains\maber\index.php:103) in D:\_Install\openserver\domains\maber\system\library\session.php on line 11
2014-01-10 12:50:52 - PHP Notice:  Undefined variable: i in D:\_Install\openserver\domains\maber\catalog\view\theme\default\template\product\product.tpl on line 9
2014-01-10 12:50:52 - PHP Notice:  Undefined variable: i in D:\_Install\openserver\domains\maber\catalog\view\theme\default\template\product\product.tpl on line 9
2014-01-13 11:54:53 - PHP Notice:  Undefined variable: currency in D:\_Install\openserver\domains\maber\catalog\view\theme\default\template\module\category.tpl on line 43
2014-01-13 11:54:53 - PHP Notice:  Undefined index:  sister_id in D:\_Install\openserver\domains\maber\catalog\view\theme\default\template\module\category.tpl on line 82
2014-01-13 11:54:53 - PHP Notice:  Undefined index:  sister_id in D:\_Install\openserver\domains\maber\catalog\view\theme\default\template\module\category.tpl on line 82
2014-01-13 11:54:53 - PHP Notice:  Undefined index:  sister_id in D:\_Install\openserver\domains\maber\catalog\view\theme\default\template\module\category.tpl on line 82
2014-01-13 11:54:53 - PHP Notice:  Undefined index:  sister_id in D:\_Install\openserver\domains\maber\catalog\view\theme\default\template\module\category.tpl on line 82
2014-01-13 11:54:53 - PHP Notice:  Undefined index:  sister_id in D:\_Install\openserver\domains\maber\catalog\view\theme\default\template\module\category.tpl on line 82
2014-01-13 11:54:53 - PHP Notice:  Undefined index:  sister_id in D:\_Install\openserver\domains\maber\catalog\view\theme\default\template\module\category.tpl on line 82
2014-01-13 11:54:53 - PHP Notice:  Undefined index:  sister_id in D:\_Install\openserver\domains\maber\catalog\view\theme\default\template\module\category.tpl on line 82
2014-01-13 11:54:53 - PHP Notice:  Undefined variable: currency in D:\_Install\openserver\domains\maber\catalog\view\theme\default\template\module\category.tpl on line 43
2014-01-13 11:54:53 - PHP Notice:  Undefined index:  sister_id in D:\_Install\openserver\domains\maber\catalog\view\theme\default\template\module\category.tpl on line 82
2014-01-13 11:54:53 - PHP Notice:  Undefined index:  sister_id in D:\_Install\openserver\domains\maber\catalog\view\theme\default\template\module\category.tpl on line 82
2014-01-13 11:54:53 - PHP Notice:  Undefined index:  sister_id in D:\_Install\openserver\domains\maber\catalog\view\theme\default\template\module\category.tpl on line 82
2014-01-13 11:54:53 - PHP Notice:  Undefined index:  sister_id in D:\_Install\openserver\domains\maber\catalog\view\theme\default\template\module\category.tpl on line 82
2014-01-13 11:54:53 - PHP Notice:  Undefined index:  sister_id in D:\_Install\openserver\domains\maber\catalog\view\theme\default\template\module\category.tpl on line 82
2014-01-13 11:54:53 - PHP Notice:  Undefined index:  sister_id in D:\_Install\openserver\domains\maber\catalog\view\theme\default\template\module\category.tpl on line 82
2014-01-13 11:54:53 - PHP Notice:  Undefined index:  sister_id in D:\_Install\openserver\domains\maber\catalog\view\theme\default\template\module\category.tpl on line 82
2014-01-13 13:47:59 - PHP Notice:  Error: Table 'maber.oc_gallery_album' doesn't exist<br />Error No: 1146<br />SELECT COUNT(*) AS total FROM oc_gallery_album in D:\_Install\openserver\domains\maber\system\database\mysql.php on line 50
2014-01-13 13:48:07 - PHP Notice:  Error: Table 'maber.oc_gallery_album' doesn't exist<br />Error No: 1146<br />SELECT COUNT(*) AS total FROM oc_gallery_album in D:\_Install\openserver\domains\maber\system\database\mysql.php on line 50
2014-01-13 13:49:26 - PHP Notice:  Undefined variable: keyword in D:\_Install\openserver\domains\maber\admin\view\template\catalog\gallery_album_form.tpl on line 30
2014-01-13 13:52:55 - PHP Notice:  Undefined variable: gallery_album in D:\_Install\openserver\domains\maber\admin\view\template\common\header.tpl on line 83
2014-01-13 13:53:12 - PHP Notice:  Undefined variable: gallery_album in D:\_Install\openserver\domains\maber\admin\view\template\common\header.tpl on line 83
2014-01-13 13:53:13 - PHP Notice:  Undefined variable: gallery_album in D:\_Install\openserver\domains\maber\admin\view\template\common\header.tpl on line 83
2014-01-13 13:53:13 - PHP Notice:  Undefined variable: keyword in D:\_Install\openserver\domains\maber\admin\view\template\catalog\gallery_album_form.tpl on line 30
2014-01-13 13:53:14 - PHP Notice:  Undefined variable: gallery_album in D:\_Install\openserver\domains\maber\admin\view\template\common\header.tpl on line 83
2014-01-13 13:53:15 - PHP Notice:  Undefined variable: gallery_album in D:\_Install\openserver\domains\maber\admin\view\template\common\header.tpl on line 83
2014-01-13 13:58:14 - PHP Notice:  Undefined variable: keyword in D:\_Install\openserver\domains\maber\admin\view\template\catalog\gallery_album_form.tpl on line 30
2014-01-13 13:59:44 - PHP Notice:  Undefined variable: gallery in D:\_Install\openserver\domains\maber\catalog\view\theme\default\template\common\header.tpl on line 55
2014-01-13 13:59:45 - PHP Notice:  Undefined variable: gallery in D:\_Install\openserver\domains\maber\catalog\view\theme\default\template\common\header.tpl on line 55
2014-01-13 14:01:01 - PHP Notice:  Undefined variable: gallery in D:\_Install\openserver\domains\maber\catalog\view\theme\default\template\common\header.tpl on line 55
2014-01-13 14:01:01 - PHP Notice:  Undefined variable: gallery in D:\_Install\openserver\domains\maber\catalog\view\theme\default\template\common\header.tpl on line 55
2014-01-13 14:01:31 - PHP Notice:  Undefined variable: gallery in D:\_Install\openserver\domains\maber\catalog\view\theme\default\template\common\header.tpl on line 55
2014-01-13 14:01:32 - PHP Notice:  Undefined variable: gallery in D:\_Install\openserver\domains\maber\catalog\view\theme\default\template\common\header.tpl on line 55
2014-01-13 14:24:39 - PHP Notice:  Undefined variable: keyword in D:\_Install\openserver\domains\maber\admin\view\template\catalog\gallery_album_form.tpl on line 30
2014-01-14 7:20:03 - PHP Notice:  Error: Unknown column 'oc_album_id' in 'where clause'<br />Error No: 1054<br />SELECT * FROM oc_gallery_image WHERE oc_album_id = 21  ORDER BY sort_order ASC in D:\_Install\openserver\domains\maber\system\database\mysql.php on line 50
2014-01-14 7:20:20 - PHP Notice:  Error: Unknown column 'oc_album_id' in 'where clause'<br />Error No: 1054<br />SELECT * FROM oc_gallery_image WHERE oc_album_id = 21  ORDER BY sort_order ASC in D:\_Install\openserver\domains\maber\system\database\mysql.php on line 50
2014-01-14 8:01:21 - PHP Notice:  Error: Unknown column 'oc_album_id' in 'where clause'<br />Error No: 1054<br />SELECT * FROM oc_gallery_image WHERE oc_album_id = 21  ORDER BY sort_order ASC in D:\_Install\openserver\domains\maber\system\database\mysql.php on line 50
2014-01-14 8:02:55 - PHP Notice:  Undefined index:  href in D:\_Install\openserver\domains\maber\catalog\view\theme\default\template\gallery\image.tpl on line 22
2014-01-14 8:02:55 - PHP Notice:  Undefined index:  href in D:\_Install\openserver\domains\maber\catalog\view\theme\default\template\gallery\image.tpl on line 22
2014-01-14 8:02:55 - PHP Notice:  Undefined index:  href in D:\_Install\openserver\domains\maber\catalog\view\theme\default\template\gallery\image.tpl on line 22
2014-01-14 8:02:55 - PHP Notice:  Undefined index:  href in D:\_Install\openserver\domains\maber\catalog\view\theme\default\template\gallery\image.tpl on line 22
2014-01-14 8:02:55 - PHP Notice:  Undefined index:  href in D:\_Install\openserver\domains\maber\catalog\view\theme\default\template\gallery\image.tpl on line 22
2014-01-14 8:02:55 - PHP Notice:  Undefined index:  href in D:\_Install\openserver\domains\maber\catalog\view\theme\default\template\gallery\image.tpl on line 22
2014-01-14 8:03:00 - PHP Notice:  Undefined index:  href in D:\_Install\openserver\domains\maber\catalog\view\theme\default\template\gallery\image.tpl on line 22
2014-01-14 8:03:00 - PHP Notice:  Undefined index:  href in D:\_Install\openserver\domains\maber\catalog\view\theme\default\template\gallery\image.tpl on line 22
2014-01-14 8:03:00 - PHP Notice:  Undefined index:  href in D:\_Install\openserver\domains\maber\catalog\view\theme\default\template\gallery\image.tpl on line 22
2014-01-14 8:03:00 - PHP Notice:  Undefined index:  href in D:\_Install\openserver\domains\maber\catalog\view\theme\default\template\gallery\image.tpl on line 22
2014-01-14 8:03:00 - PHP Notice:  Undefined index:  href in D:\_Install\openserver\domains\maber\catalog\view\theme\default\template\gallery\image.tpl on line 22
2014-01-14 8:03:00 - PHP Notice:  Undefined index:  href in D:\_Install\openserver\domains\maber\catalog\view\theme\default\template\gallery\image.tpl on line 22
2014-01-14 8:03:05 - PHP Notice:  Undefined index:  href in D:\_Install\openserver\domains\maber\catalog\view\theme\default\template\gallery\image.tpl on line 22
2014-01-14 8:03:05 - PHP Notice:  Undefined index:  href in D:\_Install\openserver\domains\maber\catalog\view\theme\default\template\gallery\image.tpl on line 22
2014-01-14 8:03:05 - PHP Notice:  Undefined index:  href in D:\_Install\openserver\domains\maber\catalog\view\theme\default\template\gallery\image.tpl on line 22
2014-01-14 8:03:05 - PHP Notice:  Undefined index:  href in D:\_Install\openserver\domains\maber\catalog\view\theme\default\template\gallery\image.tpl on line 22
2014-01-14 8:03:05 - PHP Notice:  Undefined index:  href in D:\_Install\openserver\domains\maber\catalog\view\theme\default\template\gallery\image.tpl on line 22
2014-01-14 8:03:05 - PHP Notice:  Undefined index:  href in D:\_Install\openserver\domains\maber\catalog\view\theme\default\template\gallery\image.tpl on line 22
2014-01-14 8:03:08 - PHP Notice:  Undefined index:  href in D:\_Install\openserver\domains\maber\catalog\view\theme\default\template\gallery\image.tpl on line 22
2014-01-14 8:03:08 - PHP Notice:  Undefined index:  href in D:\_Install\openserver\domains\maber\catalog\view\theme\default\template\gallery\image.tpl on line 22
2014-01-14 8:03:08 - PHP Notice:  Undefined index:  href in D:\_Install\openserver\domains\maber\catalog\view\theme\default\template\gallery\image.tpl on line 22
2014-01-14 8:03:08 - PHP Notice:  Undefined index:  href in D:\_Install\openserver\domains\maber\catalog\view\theme\default\template\gallery\image.tpl on line 22
2014-01-14 8:03:08 - PHP Notice:  Undefined index:  href in D:\_Install\openserver\domains\maber\catalog\view\theme\default\template\gallery\image.tpl on line 22
2014-01-14 8:03:08 - PHP Notice:  Undefined index:  href in D:\_Install\openserver\domains\maber\catalog\view\theme\default\template\gallery\image.tpl on line 22
2014-01-14 8:15:13 - PHP Notice:  Undefined index:  href in D:\_Install\openserver\domains\maber\catalog\view\theme\default\template\gallery\image.tpl on line 22
2014-01-14 8:15:13 - PHP Notice:  Undefined index:  href in D:\_Install\openserver\domains\maber\catalog\view\theme\default\template\gallery\image.tpl on line 22
2014-01-14 8:15:13 - PHP Notice:  Undefined index:  href in D:\_Install\openserver\domains\maber\catalog\view\theme\default\template\gallery\image.tpl on line 22
2014-01-14 8:15:13 - PHP Notice:  Undefined index:  href in D:\_Install\openserver\domains\maber\catalog\view\theme\default\template\gallery\image.tpl on line 22
2014-01-14 8:15:13 - PHP Notice:  Undefined index:  href in D:\_Install\openserver\domains\maber\catalog\view\theme\default\template\gallery\image.tpl on line 22
2014-01-14 8:15:13 - PHP Notice:  Undefined index:  href in D:\_Install\openserver\domains\maber\catalog\view\theme\default\template\gallery\image.tpl on line 22
2014-01-14 8:15:17 - PHP Notice:  Undefined index:  href in D:\_Install\openserver\domains\maber\catalog\view\theme\default\template\gallery\image.tpl on line 22
2014-01-14 8:15:17 - PHP Notice:  Undefined index:  href in D:\_Install\openserver\domains\maber\catalog\view\theme\default\template\gallery\image.tpl on line 22
2014-01-14 8:15:17 - PHP Notice:  Undefined index:  href in D:\_Install\openserver\domains\maber\catalog\view\theme\default\template\gallery\image.tpl on line 22
2014-01-14 8:15:17 - PHP Notice:  Undefined index:  href in D:\_Install\openserver\domains\maber\catalog\view\theme\default\template\gallery\image.tpl on line 22
2014-01-14 8:15:17 - PHP Notice:  Undefined index:  href in D:\_Install\openserver\domains\maber\catalog\view\theme\default\template\gallery\image.tpl on line 22
2014-01-14 8:15:17 - PHP Notice:  Undefined index:  href in D:\_Install\openserver\domains\maber\catalog\view\theme\default\template\gallery\image.tpl on line 22
2014-01-14 8:15:35 - PHP Notice:  Undefined index:  href in D:\_Install\openserver\domains\maber\catalog\view\theme\default\template\gallery\image.tpl on line 22
2014-01-14 8:15:35 - PHP Notice:  Undefined index:  href in D:\_Install\openserver\domains\maber\catalog\view\theme\default\template\gallery\image.tpl on line 22
2014-01-14 8:15:35 - PHP Notice:  Undefined index:  href in D:\_Install\openserver\domains\maber\catalog\view\theme\default\template\gallery\image.tpl on line 22
2014-01-14 8:15:35 - PHP Notice:  Undefined index:  href in D:\_Install\openserver\domains\maber\catalog\view\theme\default\template\gallery\image.tpl on line 22
2014-01-14 8:15:35 - PHP Notice:  Undefined index:  href in D:\_Install\openserver\domains\maber\catalog\view\theme\default\template\gallery\image.tpl on line 22
2014-01-14 8:15:35 - PHP Notice:  Undefined index:  href in D:\_Install\openserver\domains\maber\catalog\view\theme\default\template\gallery\image.tpl on line 22
2014-01-14 8:17:29 - PHP Notice:  Undefined index:  href in D:\_Install\openserver\domains\maber\catalog\view\theme\default\template\gallery\image.tpl on line 22
2014-01-14 8:17:29 - PHP Notice:  Undefined index:  href in D:\_Install\openserver\domains\maber\catalog\view\theme\default\template\gallery\image.tpl on line 22
2014-01-14 8:17:29 - PHP Notice:  Undefined index:  href in D:\_Install\openserver\domains\maber\catalog\view\theme\default\template\gallery\image.tpl on line 22
2014-01-14 8:17:29 - PHP Notice:  Undefined index:  href in D:\_Install\openserver\domains\maber\catalog\view\theme\default\template\gallery\image.tpl on line 22
2014-01-14 8:17:29 - PHP Notice:  Undefined index:  href in D:\_Install\openserver\domains\maber\catalog\view\theme\default\template\gallery\image.tpl on line 22
2014-01-14 8:17:29 - PHP Notice:  Undefined index:  href in D:\_Install\openserver\domains\maber\catalog\view\theme\default\template\gallery\image.tpl on line 22
2014-01-14 8:17:33 - PHP Notice:  Undefined index:  href in D:\_Install\openserver\domains\maber\catalog\view\theme\default\template\gallery\image.tpl on line 22
2014-01-14 8:17:33 - PHP Notice:  Undefined index:  href in D:\_Install\openserver\domains\maber\catalog\view\theme\default\template\gallery\image.tpl on line 22
2014-01-14 8:17:33 - PHP Notice:  Undefined index:  href in D:\_Install\openserver\domains\maber\catalog\view\theme\default\template\gallery\image.tpl on line 22
2014-01-14 8:17:33 - PHP Notice:  Undefined index:  href in D:\_Install\openserver\domains\maber\catalog\view\theme\default\template\gallery\image.tpl on line 22
2014-01-14 8:17:33 - PHP Notice:  Undefined index:  href in D:\_Install\openserver\domains\maber\catalog\view\theme\default\template\gallery\image.tpl on line 22
2014-01-14 8:17:33 - PHP Notice:  Undefined index:  href in D:\_Install\openserver\domains\maber\catalog\view\theme\default\template\gallery\image.tpl on line 22
2014-01-14 8:18:24 - PHP Notice:  Undefined index:  href in D:\_Install\openserver\domains\maber\catalog\view\theme\default\template\gallery\image.tpl on line 22
2014-01-14 8:18:24 - PHP Notice:  Undefined index:  href in D:\_Install\openserver\domains\maber\catalog\view\theme\default\template\gallery\image.tpl on line 22
2014-01-14 8:18:24 - PHP Notice:  Undefined index:  href in D:\_Install\openserver\domains\maber\catalog\view\theme\default\template\gallery\image.tpl on line 22
2014-01-14 8:18:24 - PHP Notice:  Undefined index:  href in D:\_Install\openserver\domains\maber\catalog\view\theme\default\template\gallery\image.tpl on line 22
2014-01-14 8:18:24 - PHP Notice:  Undefined index:  href in D:\_Install\openserver\domains\maber\catalog\view\theme\default\template\gallery\image.tpl on line 22
2014-01-14 8:18:24 - PHP Notice:  Undefined index:  href in D:\_Install\openserver\domains\maber\catalog\view\theme\default\template\gallery\image.tpl on line 22
2014-01-14 8:18:57 - PHP Notice:  Undefined index:  href in D:\_Install\openserver\domains\maber\catalog\view\theme\default\template\gallery\image.tpl on line 22
2014-01-14 8:18:57 - PHP Notice:  Undefined index:  href in D:\_Install\openserver\domains\maber\catalog\view\theme\default\template\gallery\image.tpl on line 22
2014-01-14 8:18:57 - PHP Notice:  Undefined index:  href in D:\_Install\openserver\domains\maber\catalog\view\theme\default\template\gallery\image.tpl on line 22
2014-01-14 8:18:57 - PHP Notice:  Undefined index:  href in D:\_Install\openserver\domains\maber\catalog\view\theme\default\template\gallery\image.tpl on line 22
2014-01-14 8:18:57 - PHP Notice:  Undefined index:  href in D:\_Install\openserver\domains\maber\catalog\view\theme\default\template\gallery\image.tpl on line 22
2014-01-14 8:18:57 - PHP Notice:  Undefined index:  href in D:\_Install\openserver\domains\maber\catalog\view\theme\default\template\gallery\image.tpl on line 22
2014-01-14 8:19:12 - PHP Notice:  Undefined index:  href in D:\_Install\openserver\domains\maber\catalog\view\theme\default\template\gallery\image.tpl on line 22
2014-01-14 8:19:12 - PHP Notice:  Undefined index:  href in D:\_Install\openserver\domains\maber\catalog\view\theme\default\template\gallery\image.tpl on line 22
2014-01-14 8:19:12 - PHP Notice:  Undefined index:  href in D:\_Install\openserver\domains\maber\catalog\view\theme\default\template\gallery\image.tpl on line 22
2014-01-14 8:19:12 - PHP Notice:  Undefined index:  href in D:\_Install\openserver\domains\maber\catalog\view\theme\default\template\gallery\image.tpl on line 22
2014-01-14 8:19:12 - PHP Notice:  Undefined index:  href in D:\_Install\openserver\domains\maber\catalog\view\theme\default\template\gallery\image.tpl on line 22
2014-01-14 8:19:12 - PHP Notice:  Undefined index:  href in D:\_Install\openserver\domains\maber\catalog\view\theme\default\template\gallery\image.tpl on line 22
2014-01-14 8:19:37 - PHP Notice:  Undefined index:  href in D:\_Install\openserver\domains\maber\catalog\view\theme\default\template\gallery\image.tpl on line 22
2014-01-14 8:19:37 - PHP Notice:  Undefined index:  href in D:\_Install\openserver\domains\maber\catalog\view\theme\default\template\gallery\image.tpl on line 22
2014-01-14 8:19:37 - PHP Notice:  Undefined index:  href in D:\_Install\openserver\domains\maber\catalog\view\theme\default\template\gallery\image.tpl on line 22
2014-01-14 8:19:37 - PHP Notice:  Undefined index:  href in D:\_Install\openserver\domains\maber\catalog\view\theme\default\template\gallery\image.tpl on line 22
2014-01-14 8:19:37 - PHP Notice:  Undefined index:  href in D:\_Install\openserver\domains\maber\catalog\view\theme\default\template\gallery\image.tpl on line 22
2014-01-14 8:19:37 - PHP Notice:  Undefined index:  href in D:\_Install\openserver\domains\maber\catalog\view\theme\default\template\gallery\image.tpl on line 22
2014-01-14 8:20:05 - PHP Notice:  Undefined index:  href in D:\_Install\openserver\domains\maber\catalog\view\theme\default\template\gallery\image.tpl on line 22
2014-01-14 8:20:05 - PHP Notice:  Undefined index:  href in D:\_Install\openserver\domains\maber\catalog\view\theme\default\template\gallery\image.tpl on line 22
2014-01-14 8:20:05 - PHP Notice:  Undefined index:  href in D:\_Install\openserver\domains\maber\catalog\view\theme\default\template\gallery\image.tpl on line 22
2014-01-14 8:20:05 - PHP Notice:  Undefined index:  href in D:\_Install\openserver\domains\maber\catalog\view\theme\default\template\gallery\image.tpl on line 22
2014-01-14 8:20:05 - PHP Notice:  Undefined index:  href in D:\_Install\openserver\domains\maber\catalog\view\theme\default\template\gallery\image.tpl on line 22
2014-01-14 8:20:05 - PHP Notice:  Undefined index:  href in D:\_Install\openserver\domains\maber\catalog\view\theme\default\template\gallery\image.tpl on line 22
2014-01-14 8:21:00 - PHP Notice:  Undefined index:  href in D:\_Install\openserver\domains\maber\catalog\view\theme\default\template\gallery\image.tpl on line 22
2014-01-14 8:21:00 - PHP Notice:  Undefined index:  href in D:\_Install\openserver\domains\maber\catalog\view\theme\default\template\gallery\image.tpl on line 22
2014-01-14 8:21:00 - PHP Notice:  Undefined index:  href in D:\_Install\openserver\domains\maber\catalog\view\theme\default\template\gallery\image.tpl on line 22
2014-01-14 8:21:00 - PHP Notice:  Undefined index:  href in D:\_Install\openserver\domains\maber\catalog\view\theme\default\template\gallery\image.tpl on line 22
2014-01-14 8:21:00 - PHP Notice:  Undefined index:  href in D:\_Install\openserver\domains\maber\catalog\view\theme\default\template\gallery\image.tpl on line 22
2014-01-14 8:21:00 - PHP Notice:  Undefined index:  href in D:\_Install\openserver\domains\maber\catalog\view\theme\default\template\gallery\image.tpl on line 22
2014-01-14 8:21:13 - PHP Notice:  Undefined index:  href in D:\_Install\openserver\domains\maber\catalog\view\theme\default\template\gallery\image.tpl on line 22
2014-01-14 8:21:13 - PHP Notice:  Undefined index:  href in D:\_Install\openserver\domains\maber\catalog\view\theme\default\template\gallery\image.tpl on line 22
2014-01-14 8:21:13 - PHP Notice:  Undefined index:  href in D:\_Install\openserver\domains\maber\catalog\view\theme\default\template\gallery\image.tpl on line 22
2014-01-14 8:21:13 - PHP Notice:  Undefined index:  href in D:\_Install\openserver\domains\maber\catalog\view\theme\default\template\gallery\image.tpl on line 22
2014-01-14 8:21:13 - PHP Notice:  Undefined index:  href in D:\_Install\openserver\domains\maber\catalog\view\theme\default\template\gallery\image.tpl on line 22
2014-01-14 8:21:13 - PHP Notice:  Undefined index:  href in D:\_Install\openserver\domains\maber\catalog\view\theme\default\template\gallery\image.tpl on line 22
2014-01-14 8:23:01 - PHP Notice:  Undefined index:  href in D:\_Install\openserver\domains\maber\catalog\view\theme\default\template\gallery\image.tpl on line 22
2014-01-14 8:23:01 - PHP Notice:  Undefined index:  href in D:\_Install\openserver\domains\maber\catalog\view\theme\default\template\gallery\image.tpl on line 22
2014-01-14 8:23:01 - PHP Notice:  Undefined index:  href in D:\_Install\openserver\domains\maber\catalog\view\theme\default\template\gallery\image.tpl on line 22
2014-01-14 8:23:01 - PHP Notice:  Undefined index:  href in D:\_Install\openserver\domains\maber\catalog\view\theme\default\template\gallery\image.tpl on line 22
2014-01-14 8:23:01 - PHP Notice:  Undefined index:  href in D:\_Install\openserver\domains\maber\catalog\view\theme\default\template\gallery\image.tpl on line 22
2014-01-14 8:23:01 - PHP Notice:  Undefined index:  href in D:\_Install\openserver\domains\maber\catalog\view\theme\default\template\gallery\image.tpl on line 22
2014-01-14 11:23:45 - PHP Notice:  Undefined index:  href in D:\_Install\openserver\domains\maber\catalog\view\theme\default\template\gallery\image.tpl on line 22
2014-01-14 11:23:45 - PHP Notice:  Undefined index:  href in D:\_Install\openserver\domains\maber\catalog\view\theme\default\template\gallery\image.tpl on line 22
2014-01-14 11:23:45 - PHP Notice:  Undefined index:  href in D:\_Install\openserver\domains\maber\catalog\view\theme\default\template\gallery\image.tpl on line 22
2014-01-14 11:23:45 - PHP Notice:  Undefined index:  href in D:\_Install\openserver\domains\maber\catalog\view\theme\default\template\gallery\image.tpl on line 22
2014-01-14 11:23:45 - PHP Notice:  Undefined index:  href in D:\_Install\openserver\domains\maber\catalog\view\theme\default\template\gallery\image.tpl on line 22
2014-01-14 11:23:45 - PHP Notice:  Undefined index:  href in D:\_Install\openserver\domains\maber\catalog\view\theme\default\template\gallery\image.tpl on line 22
2014-01-14 11:30:45 - PHP Notice:  Use of undefined constant HTTP_IMAGE - assumed 'HTTP_IMAGE' in D:\_Install\openserver\domains\maber\catalog\model\tool\image.php on line 38
2014-01-14 11:30:46 - PHP Notice:  Use of undefined constant HTTP_IMAGE - assumed 'HTTP_IMAGE' in D:\_Install\openserver\domains\maber\catalog\model\tool\image.php on line 38
2014-01-14 11:30:46 - PHP Notice:  Use of undefined constant HTTP_IMAGE - assumed 'HTTP_IMAGE' in D:\_Install\openserver\domains\maber\catalog\model\tool\image.php on line 38
2014-01-14 11:30:46 - PHP Notice:  Use of undefined constant HTTP_IMAGE - assumed 'HTTP_IMAGE' in D:\_Install\openserver\domains\maber\catalog\model\tool\image.php on line 38
2014-01-14 11:30:46 - PHP Notice:  Use of undefined constant HTTP_IMAGE - assumed 'HTTP_IMAGE' in D:\_Install\openserver\domains\maber\catalog\model\tool\image.php on line 38
2014-01-14 11:30:47 - PHP Notice:  Use of undefined constant HTTP_IMAGE - assumed 'HTTP_IMAGE' in D:\_Install\openserver\domains\maber\catalog\model\tool\image.php on line 38
2014-01-14 11:30:47 - PHP Notice:  Use of undefined constant HTTP_IMAGE - assumed 'HTTP_IMAGE' in D:\_Install\openserver\domains\maber\catalog\model\tool\image.php on line 38
2014-01-14 11:30:47 - PHP Notice:  Use of undefined constant HTTP_IMAGE - assumed 'HTTP_IMAGE' in D:\_Install\openserver\domains\maber\catalog\model\tool\image.php on line 38
2014-01-14 11:30:47 - PHP Notice:  Use of undefined constant HTTP_IMAGE - assumed 'HTTP_IMAGE' in D:\_Install\openserver\domains\maber\catalog\model\tool\image.php on line 38
2014-01-14 11:30:48 - PHP Notice:  Use of undefined constant HTTP_IMAGE - assumed 'HTTP_IMAGE' in D:\_Install\openserver\domains\maber\catalog\model\tool\image.php on line 38
2014-01-14 11:30:48 - PHP Notice:  Use of undefined constant HTTP_IMAGE - assumed 'HTTP_IMAGE' in D:\_Install\openserver\domains\maber\catalog\model\tool\image.php on line 38
2014-01-14 11:30:49 - PHP Notice:  Use of undefined constant HTTP_IMAGE - assumed 'HTTP_IMAGE' in D:\_Install\openserver\domains\maber\catalog\model\tool\image.php on line 38
2014-01-14 11:30:49 - PHP Notice:  Undefined index:  href in D:\_Install\openserver\domains\maber\catalog\view\theme\default\template\gallery\image.tpl on line 22
2014-01-14 11:30:49 - PHP Notice:  Undefined index:  href in D:\_Install\openserver\domains\maber\catalog\view\theme\default\template\gallery\image.tpl on line 22
2014-01-14 11:30:49 - PHP Notice:  Undefined index:  href in D:\_Install\openserver\domains\maber\catalog\view\theme\default\template\gallery\image.tpl on line 22
2014-01-14 11:30:49 - PHP Notice:  Undefined index:  href in D:\_Install\openserver\domains\maber\catalog\view\theme\default\template\gallery\image.tpl on line 22
2014-01-14 11:30:49 - PHP Notice:  Undefined index:  href in D:\_Install\openserver\domains\maber\catalog\view\theme\default\template\gallery\image.tpl on line 22
2014-01-14 11:30:49 - PHP Notice:  Undefined index:  href in D:\_Install\openserver\domains\maber\catalog\view\theme\default\template\gallery\image.tpl on line 22
2014-01-14 11:30:49 - PHP Notice:  Use of undefined constant HTTP_IMAGE - assumed 'HTTP_IMAGE' in D:\_Install\openserver\domains\maber\catalog\model\tool\image.php on line 38
2014-01-14 11:30:49 - PHP Notice:  Use of undefined constant HTTP_IMAGE - assumed 'HTTP_IMAGE' in D:\_Install\openserver\domains\maber\catalog\model\tool\image.php on line 38
2014-01-14 11:30:49 - PHP Notice:  Use of undefined constant HTTP_IMAGE - assumed 'HTTP_IMAGE' in D:\_Install\openserver\domains\maber\catalog\model\tool\image.php on line 38
2014-01-14 11:30:49 - PHP Notice:  Use of undefined constant HTTP_IMAGE - assumed 'HTTP_IMAGE' in D:\_Install\openserver\domains\maber\catalog\model\tool\image.php on line 38
2014-01-14 11:30:49 - PHP Notice:  Use of undefined constant HTTP_IMAGE - assumed 'HTTP_IMAGE' in D:\_Install\openserver\domains\maber\catalog\model\tool\image.php on line 38
2014-01-14 11:30:49 - PHP Notice:  Use of undefined constant HTTP_IMAGE - assumed 'HTTP_IMAGE' in D:\_Install\openserver\domains\maber\catalog\model\tool\image.php on line 38
2014-01-14 11:30:49 - PHP Notice:  Use of undefined constant HTTP_IMAGE - assumed 'HTTP_IMAGE' in D:\_Install\openserver\domains\maber\catalog\model\tool\image.php on line 38
2014-01-14 11:30:49 - PHP Notice:  Use of undefined constant HTTP_IMAGE - assumed 'HTTP_IMAGE' in D:\_Install\openserver\domains\maber\catalog\model\tool\image.php on line 38
2014-01-14 11:30:49 - PHP Notice:  Use of undefined constant HTTP_IMAGE - assumed 'HTTP_IMAGE' in D:\_Install\openserver\domains\maber\catalog\model\tool\image.php on line 38
2014-01-14 11:30:49 - PHP Notice:  Use of undefined constant HTTP_IMAGE - assumed 'HTTP_IMAGE' in D:\_Install\openserver\domains\maber\catalog\model\tool\image.php on line 38
2014-01-14 11:30:49 - PHP Notice:  Use of undefined constant HTTP_IMAGE - assumed 'HTTP_IMAGE' in D:\_Install\openserver\domains\maber\catalog\model\tool\image.php on line 38
2014-01-14 11:30:49 - PHP Notice:  Use of undefined constant HTTP_IMAGE - assumed 'HTTP_IMAGE' in D:\_Install\openserver\domains\maber\catalog\model\tool\image.php on line 38
2014-01-14 11:30:49 - PHP Notice:  Undefined index:  href in D:\_Install\openserver\domains\maber\catalog\view\theme\default\template\gallery\image.tpl on line 22
2014-01-14 11:30:49 - PHP Notice:  Undefined index:  href in D:\_Install\openserver\domains\maber\catalog\view\theme\default\template\gallery\image.tpl on line 22
2014-01-14 11:30:49 - PHP Notice:  Undefined index:  href in D:\_Install\openserver\domains\maber\catalog\view\theme\default\template\gallery\image.tpl on line 22
2014-01-14 11:30:49 - PHP Notice:  Undefined index:  href in D:\_Install\openserver\domains\maber\catalog\view\theme\default\template\gallery\image.tpl on line 22
2014-01-14 11:30:49 - PHP Notice:  Undefined index:  href in D:\_Install\openserver\domains\maber\catalog\view\theme\default\template\gallery\image.tpl on line 22
2014-01-14 11:30:50 - PHP Notice:  Undefined index:  href in D:\_Install\openserver\domains\maber\catalog\view\theme\default\template\gallery\image.tpl on line 22
2014-01-14 11:30:50 - PHP Notice:  Use of undefined constant HTTP_IMAGE - assumed 'HTTP_IMAGE' in D:\_Install\openserver\domains\maber\catalog\model\tool\image.php on line 38
2014-01-14 11:30:51 - PHP Notice:  Use of undefined constant HTTP_IMAGE - assumed 'HTTP_IMAGE' in D:\_Install\openserver\domains\maber\catalog\model\tool\image.php on line 38
2014-01-14 11:30:51 - PHP Notice:  Use of undefined constant HTTP_IMAGE - assumed 'HTTP_IMAGE' in D:\_Install\openserver\domains\maber\catalog\model\tool\image.php on line 38
2014-01-14 11:30:51 - PHP Notice:  Use of undefined constant HTTP_IMAGE - assumed 'HTTP_IMAGE' in D:\_Install\openserver\domains\maber\catalog\model\tool\image.php on line 38
2014-01-14 11:30:51 - PHP Notice:  Use of undefined constant HTTP_IMAGE - assumed 'HTTP_IMAGE' in D:\_Install\openserver\domains\maber\catalog\model\tool\image.php on line 38
2014-01-14 11:30:52 - PHP Notice:  Use of undefined constant HTTP_IMAGE - assumed 'HTTP_IMAGE' in D:\_Install\openserver\domains\maber\catalog\model\tool\image.php on line 38
2014-01-14 11:30:52 - PHP Notice:  Use of undefined constant HTTP_IMAGE - assumed 'HTTP_IMAGE' in D:\_Install\openserver\domains\maber\catalog\model\tool\image.php on line 38
2014-01-14 11:30:52 - PHP Notice:  Use of undefined constant HTTP_IMAGE - assumed 'HTTP_IMAGE' in D:\_Install\openserver\domains\maber\catalog\model\tool\image.php on line 38
2014-01-14 11:31:38 - PHP Notice:  Use of undefined constant HTTP_IMAGE - assumed 'HTTP_IMAGE' in D:\_Install\openserver\domains\maber\catalog\model\tool\image.php on line 78
2014-01-14 11:31:39 - PHP Notice:  Use of undefined constant HTTP_IMAGE - assumed 'HTTP_IMAGE' in D:\_Install\openserver\domains\maber\catalog\model\tool\image.php on line 38
2014-01-14 11:31:39 - PHP Notice:  Use of undefined constant HTTP_IMAGE - assumed 'HTTP_IMAGE' in D:\_Install\openserver\domains\maber\catalog\model\tool\image.php on line 38
2014-01-14 11:31:39 - PHP Notice:  Use of undefined constant HTTP_IMAGE - assumed 'HTTP_IMAGE' in D:\_Install\openserver\domains\maber\catalog\model\tool\image.php on line 38
2014-01-14 11:31:39 - PHP Notice:  Use of undefined constant HTTP_IMAGE - assumed 'HTTP_IMAGE' in D:\_Install\openserver\domains\maber\catalog\model\tool\image.php on line 38
2014-01-14 11:31:39 - PHP Notice:  Use of undefined constant HTTP_IMAGE - assumed 'HTTP_IMAGE' in D:\_Install\openserver\domains\maber\catalog\model\tool\image.php on line 38
2014-01-14 11:31:39 - PHP Notice:  Use of undefined constant HTTP_IMAGE - assumed 'HTTP_IMAGE' in D:\_Install\openserver\domains\maber\catalog\model\tool\image.php on line 38
2014-01-14 11:31:39 - PHP Notice:  Use of undefined constant HTTP_IMAGE - assumed 'HTTP_IMAGE' in D:\_Install\openserver\domains\maber\catalog\model\tool\image.php on line 38
2014-01-14 11:31:39 - PHP Notice:  Use of undefined constant HTTP_IMAGE - assumed 'HTTP_IMAGE' in D:\_Install\openserver\domains\maber\catalog\model\tool\image.php on line 38
2014-01-14 11:36:02 - PHP Notice:  Undefined index:  href in D:\_Install\openserver\domains\maber\catalog\view\theme\default\template\gallery\image.tpl on line 22
2014-01-14 11:36:02 - PHP Notice:  Undefined index:  href in D:\_Install\openserver\domains\maber\catalog\view\theme\default\template\gallery\image.tpl on line 22
2014-01-14 11:36:02 - PHP Notice:  Undefined index:  href in D:\_Install\openserver\domains\maber\catalog\view\theme\default\template\gallery\image.tpl on line 22
2014-01-14 11:36:02 - PHP Notice:  Undefined index:  href in D:\_Install\openserver\domains\maber\catalog\view\theme\default\template\gallery\image.tpl on line 22
2014-01-14 11:36:02 - PHP Notice:  Undefined index:  href in D:\_Install\openserver\domains\maber\catalog\view\theme\default\template\gallery\image.tpl on line 22
2014-01-14 11:36:02 - PHP Notice:  Undefined index:  href in D:\_Install\openserver\domains\maber\catalog\view\theme\default\template\gallery\image.tpl on line 22
2014-01-14 11:37:15 - PHP Notice:  Undefined index:  href in D:\_Install\openserver\domains\maber\catalog\view\theme\default\template\gallery\image.tpl on line 22
2014-01-14 11:37:15 - PHP Notice:  Undefined index:  href in D:\_Install\openserver\domains\maber\catalog\view\theme\default\template\gallery\image.tpl on line 22
2014-01-14 11:37:15 - PHP Notice:  Undefined index:  href in D:\_Install\openserver\domains\maber\catalog\view\theme\default\template\gallery\image.tpl on line 22
2014-01-14 11:37:15 - PHP Notice:  Undefined index:  href in D:\_Install\openserver\domains\maber\catalog\view\theme\default\template\gallery\image.tpl on line 22
2014-01-14 11:37:15 - PHP Notice:  Undefined index:  href in D:\_Install\openserver\domains\maber\catalog\view\theme\default\template\gallery\image.tpl on line 22
2014-01-14 11:37:15 - PHP Notice:  Undefined index:  href in D:\_Install\openserver\domains\maber\catalog\view\theme\default\template\gallery\image.tpl on line 22
2014-01-14 11:41:34 - PHP Notice:  Undefined index:  href in D:\_Install\openserver\domains\maber\catalog\view\theme\default\template\gallery\image.tpl on line 22
2014-01-14 11:41:34 - PHP Notice:  Undefined index:  href in D:\_Install\openserver\domains\maber\catalog\view\theme\default\template\gallery\image.tpl on line 22
2014-01-14 11:41:34 - PHP Notice:  Undefined index:  href in D:\_Install\openserver\domains\maber\catalog\view\theme\default\template\gallery\image.tpl on line 22
2014-01-14 11:41:34 - PHP Notice:  Undefined index:  href in D:\_Install\openserver\domains\maber\catalog\view\theme\default\template\gallery\image.tpl on line 22
2014-01-14 11:41:34 - PHP Notice:  Undefined index:  href in D:\_Install\openserver\domains\maber\catalog\view\theme\default\template\gallery\image.tpl on line 22
2014-01-14 11:41:35 - PHP Notice:  Undefined index:  href in D:\_Install\openserver\domains\maber\catalog\view\theme\default\template\gallery\image.tpl on line 22
2014-01-14 11:41:44 - PHP Notice:  Undefined index:  href in D:\_Install\openserver\domains\maber\catalog\view\theme\default\template\gallery\image.tpl on line 22
2014-01-14 11:41:44 - PHP Notice:  Undefined index:  href in D:\_Install\openserver\domains\maber\catalog\view\theme\default\template\gallery\image.tpl on line 22
2014-01-14 11:41:44 - PHP Notice:  Undefined index:  href in D:\_Install\openserver\domains\maber\catalog\view\theme\default\template\gallery\image.tpl on line 22
2014-01-14 11:41:44 - PHP Notice:  Undefined index:  href in D:\_Install\openserver\domains\maber\catalog\view\theme\default\template\gallery\image.tpl on line 22
2014-01-14 11:41:44 - PHP Notice:  Undefined index:  href in D:\_Install\openserver\domains\maber\catalog\view\theme\default\template\gallery\image.tpl on line 22
2014-01-14 11:41:45 - PHP Notice:  Undefined index:  href in D:\_Install\openserver\domains\maber\catalog\view\theme\default\template\gallery\image.tpl on line 22
2014-01-14 11:56:58 - PHP Notice:  Undefined index:  href in D:\_Install\openserver\domains\maber\catalog\view\theme\default\template\gallery\image.tpl on line 22
2014-01-14 11:56:58 - PHP Notice:  Undefined index:  href in D:\_Install\openserver\domains\maber\catalog\view\theme\default\template\gallery\image.tpl on line 22
2014-01-14 11:56:58 - PHP Notice:  Undefined index:  href in D:\_Install\openserver\domains\maber\catalog\view\theme\default\template\gallery\image.tpl on line 22
2014-01-14 11:56:58 - PHP Notice:  Undefined index:  href in D:\_Install\openserver\domains\maber\catalog\view\theme\default\template\gallery\image.tpl on line 22
2014-01-14 11:56:58 - PHP Notice:  Undefined index:  href in D:\_Install\openserver\domains\maber\catalog\view\theme\default\template\gallery\image.tpl on line 22
2014-01-14 11:56:58 - PHP Notice:  Undefined index:  href in D:\_Install\openserver\domains\maber\catalog\view\theme\default\template\gallery\image.tpl on line 22
